20-03-2022	14::12::33-----Id_Log: 3e97887b-80f0-4ee5-a530-e5b57fb39a3c --- Router: /v1/transaction?page=1&pageSize=5&sortByField=product&sortValue=1 --- Method: GET --- Message: This route dose not exists !
20-03-2022	14::12::51-----Id_Log: 571a7332-017a-48bd-a212-73e0cd66c74c --- Router: /v1/repayment?page=2&pageSize=5&sortByField=provider&sortValue=1 --- Method: GET --- Message: This route dose not exists !
20-03-2022	14::13::05-----Id_Log: 4576c4e2-1949-4319-89b8-f674d5656d57 --- Router: /v1/transaction?page=1&pageSize=5&sortByField=product&sortValue=1 --- Method: GET --- Message: This route dose not exists !
20-03-2022	14::13::07-----Id_Log: 2d735184-67b7-4d75-be99-2deb74dabde7 --- Router: /v1/repayment?page=2&pageSize=5&sortByField=provider&sortValue=1 --- Method: GET --- Message: This route dose not exists !
20-03-2022	14::13::49-----Id_Log: 2798f81f-8d9f-4961-a1c2-cf0e9787800e --- Router: /v1/transaction?page=1&pageSize=5&sortByField=product&sortValue=1 --- Method: GET --- Message: This route dose not exists !
20-03-2022	14::13::59-----Id_Log: 897d3364-8025-400e-8b25-7848d3de39b2 --- Router: /v1/transaction?page=1&pageSize=5&sortByField=product&sortValue=1 --- Method: GET --- Message: This route dose not exists !
20-03-2022	14::14::02-----Id_Log: 3d2e7f93-b8dd-4420-a7ce-da85a05d7c45 --- Router: /v1/repayment?page=2&pageSize=5&sortByField=provider&sortValue=1 --- Method: GET --- Message: This route dose not exists !
20-03-2022	14::14::34-----Id_Log: cf33fdbf-6709-45de-be51-8fa976b9e491 --- Router: /v1/transaction?page=1&pageSize=5&sortByField=product&sortValue=1 --- Method: GET --- Message: This route dose not exists !
20-03-2022	14::16::05-----Id_Log: 95f061d0-debc-46dd-9a94-d8727f94cb4f --- Router: /v1/transaction?page=1&pageSize=5&sortByField=product&sortValue=1 --- Method: GET --- Message: This route dose not exists !
20-03-2022	14::16::10-----Id_Log: 2d2d0919-7c34-43d9-b79f-216285b6866e --- Router: /v1/transaction?page=1&pageSize=5&sortByField=product&sortValue=1 --- Method: GET --- Message: This route dose not exists !
20-03-2022	14::16::12-----Id_Log: 28788edd-684a-4bfc-8b6a-6ee70fee6ea5 --- Router: /v1/repayment?page=2&pageSize=5&sortByField=provider&sortValue=1 --- Method: GET --- Message: This route dose not exists !
20-03-2022	14::25::32-----Id_Log: 513847b8-d521-46ef-b4a4-fbfb720c6187 --- Router: /v1/transaction?page=1&pageSize=5&sortByField=product&sortValue=1 --- Method: GET --- Message: This route dose not exists !
20-03-2022	14::25::36-----Id_Log: 41adbaa7-9b81-4416-ad7f-9e2b8a75b721 --- Router: /v1/repayment?page=2&pageSize=5&sortByField=provider&sortValue=1 --- Method: GET --- Message: This route dose not exists !
20-03-2022	16::31::04-----Id_Log: 97ec30b7-27c1-4e1d-8139-4167a8b8d6e1 --- Router: /v1/auth/register/ --- Method: POST --- Message: E11000 duplicate key error collection: WolfConsulting.users index: username_1 dup key: { username: "nguyen van a" }
20-03-2022	16::31::23-----Id_Log: 1022a81c-0569-492a-84f0-6e665786b62f --- Router: /v1/auth/register/ --- Method: POST --- Message: E11000 duplicate key error collection: WolfConsulting.users index: username_1 dup key: { username: "nguyen van a" }
20-03-2022	16::31::41-----Id_Log: 75d9baa3-ede4-4c2f-9b59-1efc3b3f64e4 --- Router: /v1/auth/register/ --- Method: POST --- Message: User validation failed: phone: Phone number must be 10 digits
20-03-2022	16::31::53-----Id_Log: d53aa0ca-e07e-425b-85ab-9c72b7985d8f --- Router: /v1/auth/register/ --- Method: POST --- Message: E11000 duplicate key error collection: WolfConsulting.users index: username_1 dup key: { username: "nguyen van a" }
20-03-2022	16::32::43-----Id_Log: e2bc7256-ed18-428d-8105-b6495569ff89 --- Router: /v1/auth/register/ --- Method: POST --- Message: E11000 duplicate key error collection: WolfConsulting.users index: username_1 dup key: { username: "nguyen van a" }
20-03-2022	17::13::25-----Id_Log: 3932337a-d7c0-4820-ba48-b355cb2fb7c9 --- Router: /v1/auth/requestRefreshToken --- Method: POST --- Message: Cannot read properties of undefined (reading 'includes')
20-03-2022	17::16::18-----Id_Log: 1d943d03-8c62-4c89-9bce-49a058180e6a --- Router: /v1/auth/requestRefreshToken --- Method: POST --- Message: Cannot read properties of undefined (reading '0')
20-03-2022	18::06::56-----Id_Log: b6fd6482-c078-4dd9-ba4d-a19187535c5f --- Router: /v1/auth/Logout --- Method: GET --- Message: Assignment to constant variable.
20-03-2022	18::07::02-----Id_Log: bc8b9352-43a7-48f1-a97e-ba5c15baef3d --- Router: /v1/auth/Logout --- Method: GET --- Message: Assignment to constant variable.
21-03-2022	10::14::30-----Id_Log: b5b705e3-3f4a-428a-8616-dec1f60226a7 --- Router: /v1/transaction/repaymentDetail/6229a08c6c2f91275de85e7a --- Method: GET --- Message: This route dose not exists !
21-03-2022	11::33::01-----Id_Log: e0850f79-77dc-4a84-9ab7-39501a730c5e --- Router: /v1/transaction/transactionDetail/6229a08c6c2f91275de85e7a --- Method: GET --- Message: Cast to ObjectId failed for value "{ id: '6229a08c6c2f91275de85e7a' }" (type Object) at path "_id" for model "Transaction"
21-03-2022	11::33::16-----Id_Log: 2e843b2a-c519-49da-a9bb-bb26b584d148 --- Router: /v1/transaction/transactionDetail/6229a08c6c2f91275de85e7a --- Method: GET --- Message: Cast to ObjectId failed for value "{ id: '6229a08c6c2f91275de85e7a' }" (type Object) at path "_id" for model "Transaction"
21-03-2022	21::32::25-----Id_Log: e19d9b91-251b-4e16-9af2-851b0719d913 --- Router: /v1/repayment/repaymentDetail/6229cae24f472333cd37f13f --- Method: GET --- Message: result is not defined
23-03-2022	11::08::27-----Id_Log: e2a4b287-8a3d-4bc6-a7c9-d979787c7698 --- Router: /v1/auth/eap/requestRefreshToken --- Method: POST --- Message: This route dose not exists !
23-03-2022	13::30::43-----Id_Log: e9595b9d-79df-4e09-b563-6a8f7b72e2cc --- Router: /v1/eap/auth/requestRefreshToken --- Method: POST --- Message: This route dose not exists !
24-03-2022	22::12::39-----Id_Log: e2daad71-67fe-4586-89c3-991c6cc25eda --- Router: / --- Method: GET --- Message: This route dose not exists !
24-03-2022	22::12::43-----Id_Log: d10bba7b-8dae-4cc7-ac25-a7df5c3b4b6d --- Router: /favicon.ico --- Method: GET --- Message: This route dose not exists !
24-03-2022	22::52::41-----Id_Log: 9a5d520f-1a05-4370-92c9-208aad527840 --- Router: /api --- Method: GET --- Message: Cannot access 'ttl' before initialization
24-03-2022	22::53::27-----Id_Log: b834dda1-6a72-4f7c-9ae0-c4c5ed48919d --- Router: /api --- Method: GET --- Message: Cannot access 'ttl' before initialization
24-03-2022	22::53::51-----Id_Log: 15722748-562a-4a06-befa-a50d98f1b3f6 --- Router: /api --- Method: GET --- Message: Cannot access 'ttl' before initialization
28-03-2022	14::37::29-----Id_Log: 3440a463-bd5c-4633-b351-2a0c69cb5536 --- Router: /v1/auth/sendOtp --- Method: POST --- Message: This route dose not exists !
28-03-2022	15::12::21-----Id_Log: f886e48e-cdfb-434b-adc3-dc0a2986c6b7 --- Router: /v1/auth/verifyOtp --- Method: POST --- Message: This route dose not exists !
28-03-2022	17::43::33-----Id_Log: 6793a197-cd6e-4d44-a4b7-a5e2608cd766 --- Router: /v1/auth/forgotPassword --- Method: POST --- Message: This route dose not exists !
29-03-2022	11::16::14-----Id_Log: d93b5668-1027-48b5-a4dc-3c22a3f6519e --- Router: /v1/eap/user/6241d74014683dc217102f63 --- Method: PUT --- Message: data and hash arguments required
29-03-2022	15::34::29-----Id_Log: 2a94c4d7-cb5c-4752-af89-ec297c49de2a --- Router: /v1/bnpl/personal/0999888777 --- Method: GET --- Message: This route dose not exists !
29-03-2022	15::35::16-----Id_Log: 00ff2a66-0839-4270-b8b4-9e2109996630 --- Router: /v1/bnpl/personal/0999888777 --- Method: GET --- Message: This route dose not exists !
29-03-2022	15::36::01-----Id_Log: b6888b7a-4a4c-44fa-88aa-764b77fadbf3 --- Router: //v1/bnpl/personal/0981284476 --- Method: GET --- Message: This route dose not exists !
29-03-2022	15::36::27-----Id_Log: ec2a36f1-1fd2-4763-a2db-03ae231d37de --- Router: //v1/bnpl/personal/0981284476 --- Method: GET --- Message: This route dose not exists !
29-03-2022	15::37::45-----Id_Log: 57fcf6ca-83c8-4deb-9e99-379ce19a8797 --- Router: //v1/bnpl/personal/0981284476 --- Method: GET --- Message: This route dose not exists !
29-03-2022	15::37::56-----Id_Log: d648ca34-98fe-48a6-8b46-df384f8e3178 --- Router: /v1/bnpl/personal/0981284476 --- Method: GET --- Message: This route dose not exists !
29-03-2022	15::39::03-----Id_Log: e2dd1077-42b7-43f5-a09b-9c6507475692 --- Router: /v1/bnpl/personal/0981284476 --- Method: GET --- Message: This route dose not exists !
29-03-2022	15::40::09-----Id_Log: d29d450b-84d2-4c02-bf3c-491577faeb4c --- Router: /v1/bnpl/personal/0981284476 --- Method: GET --- Message: This route dose not exists !
29-03-2022	15::40::38-----Id_Log: 82e34808-98fe-47ad-a313-e7c0f28f0749 --- Router: /v1/bnpl/personal/0981284476 --- Method: GET --- Message: This route dose not exists !
